01-02-2026 11:26:45 | NIVEL: INFO | ---SISTEMA INICIADO---
01-02-2026 11:27:52 | NIVEL: INFO | Consulta general del inventrio realizada.
01-02-2026 11:27:54 | NIVEL: INFO | Consulta general del inventrio realizada.
01-02-2026 11:27:54 | NIVEL: INFO | Consulta general del inventrio realizada.
01-02-2026 11:27:54 | NIVEL: INFO | Consulta general del inventrio realizada.
01-02-2026 11:27:55 | NIVEL: INFO | Consulta general del inventrio realizada.
01-02-2026 11:27:56 | NIVEL: INFO | --- SISTEMA APAGADO ---
01-02-2026 11:28:25 | NIVEL: INFO | ---SISTEMA INICIADO---
01-02-2026 11:28:41 | NIVEL: INFO | ---SISTEMA INICIADO---
01-02-2026 11:28:42 | NIVEL: INFO | Consulta general del inventrio realizada.
01-02-2026 11:28:43 | NIVEL: INFO | Consulta general del inventrio realizada.
01-02-2026 11:28:43 | NIVEL: INFO | Consulta general del inventrio realizada.
01-02-2026 11:28:44 | NIVEL: INFO | Consulta general del inventrio realizada.
01-02-2026 11:28:44 | NIVEL: INFO | Consulta general del inventrio realizada.
01-02-2026 11:28:44 | NIVEL: INFO | Consulta general del inventrio realizada.
01-02-2026 11:29:04 | NIVEL: INFO | --- SISTEMA INICIADO ---
01-02-2026 11:29:05 | NIVEL: INFO | Consulta general de inventario realizada.
01-02-2026 11:29:06 | NIVEL: INFO | Consulta general de inventario realizada.
01-02-2026 11:29:06 | NIVEL: INFO | Consulta general de inventario realizada.
01-02-2026 11:29:07 | NIVEL: INFO | Consulta general de inventario realizada.
01-02-2026 11:29:07 | NIVEL: INFO | Consulta general de inventario realizada.
01-02-2026 11:29:07 | NIVEL: INFO | Consulta general de inventario realizada.
01-02-2026 11:29:26 | NIVEL: INFO | Consulta general de inventario realizada.
01-02-2026 11:30:13 | NIVEL: WARNING | USUARIO: Angel Solis --> ELIMINÓ EL PRODUCTO: 'Monitor Samsung 24'
01-02-2026 11:30:16 | NIVEL: INFO | Consulta general de inventario realizada.
01-02-2026 11:30:36 | NIVEL: INFO | Consulta general de inventario realizada.
01-02-2026 11:30:37 | NIVEL: INFO | --- SISTEMA APAGADO ---
01-02-2026 11:30:42 | NIVEL: INFO | --- SISTEMA INICIADO ---
01-02-2026 11:30:43 | NIVEL: INFO | Consulta general de inventario realizada.
